01/15/2024 09:44:06 AM INFO data_loader - generate_global_parameter: successfully loaded global parameter.
01/15/2024 09:44:06 AM INFO data_loader - generate_demand_city_dict: successfully loaded demand_city_dict: 5
01/15/2024 09:44:07 AM INFO data_loader - generate_distance_info: successfully loaded supply_city_dict: 368
01/15/2024 09:44:07 AM INFO data_loader - generate_distance_info: successfully loaded distance_dict: 1835
01/15/2024 09:44:07 AM INFO model - create_sets: created supply city set: 368
01/15/2024 09:44:07 AM INFO model - create_sets: created demand city set: 5
01/15/2024 09:44:07 AM INFO model - create_sets: created demand_supply_pair_set: 1114
01/15/2024 09:44:07 AM INFO model - create_sets: created supply_city_set_by_demand: 5
01/15/2024 09:44:07 AM INFO model - create_sets: created demand_city_set_by_supply: 333
01/15/2024 09:44:07 AM INFO model - create_y_whether_use_supply_city_var: created y_whether_use_supply_city_var: 368
01/15/2024 09:44:07 AM INFO model - create_warehouse_num_limit_constr: created warehouse_limit_constr: 1
01/15/2024 09:44:07 AM INFO model - create_warehouse_num_limit_constr: created warehouse_limit_constr_v2: 1
01/15/2024 09:44:07 AM INFO model - create_x_supply_city_stock_var: created x_supply_city_stock_var: 368
01/15/2024 09:44:07 AM INFO model - create_no_warehouse_no_stock_constr: created no_warehouse_no_stock_constr_v1: 368
01/15/2024 09:44:07 AM INFO model - create_warehouse_stock_limit_constr: created warehouse_stock_upper_limit_constr: 1
01/15/2024 09:44:07 AM INFO model - create_warehouse_stock_limit_constr: created warehouse_stock_lower_limit_constr: 1
01/15/2024 09:44:07 AM INFO model - create_z_demand_from_supply_qty_var: created z_demand_from_supply_qty_var: 1114
01/15/2024 09:44:07 AM INFO model - create_not_exceed_demand_constr: created not_exceed_demand_constr: 5
01/15/2024 09:44:07 AM INFO model - create_not_exceed_stock_constr: created not_exceed_stock_constrs: 333
01/15/2024 09:44:07 AM INFO model - solve_cost_obj: start solving cost obj...
01/15/2024 09:44:07 AM INFO model - log_opt_solve_info: Version identifier: 20.1.0.0 | 2020-11-10 | 9bedb6d68
01/15/2024 09:44:07 AM INFO model - log_opt_solve_info: CPXPARAM_Read_DataCheck                          1
01/15/2024 09:44:07 AM INFO model - log_opt_solve_info: Found incumbent of value 3007203.000000 after 0.00 sec. (0.10 ticks)
01/15/2024 09:44:07 AM INFO model - log_opt_solve_info: Tried aggregator 1 time.
01/15/2024 09:44:07 AM INFO model - log_opt_solve_info: MIP Presolve eliminated 1 rows and 0 columns.
01/15/2024 09:44:07 AM INFO model - log_opt_solve_info: MIP Presolve modified 43 coefficients.
01/15/2024 09:44:07 AM INFO model - log_opt_solve_info: Reduced MIP has 709 rows, 1850 columns, and 4401 nonzeros.
01/15/2024 09:44:07 AM INFO model - log_opt_solve_info: Reduced MIP has 368 binaries, 368 generals, 0 SOSs, and 0 indicators.
01/15/2024 09:44:07 AM INFO model - log_opt_solve_info: Presolve time = 0.00 sec. (3.09 ticks)
01/15/2024 09:44:07 AM INFO model - log_opt_solve_info: Probing time = 0.00 sec. (0.21 ticks)
01/15/2024 09:44:07 AM INFO model - log_opt_solve_info: Tried aggregator 1 time.
01/15/2024 09:44:07 AM INFO model - log_opt_solve_info: Detecting symmetries...
01/15/2024 09:44:07 AM INFO model - log_opt_solve_info: Reduced MIP has 709 rows, 1850 columns, and 4401 nonzeros.
01/15/2024 09:44:07 AM INFO model - log_opt_solve_info: Reduced MIP has 368 binaries, 368 generals, 0 SOSs, and 0 indicators.
01/15/2024 09:44:07 AM INFO model - log_opt_solve_info: Presolve time = 0.02 sec. (3.04 ticks)
01/15/2024 09:44:07 AM INFO model - log_opt_solve_info: Probing time = 0.00 sec. (0.19 ticks)
01/15/2024 09:44:07 AM INFO model - log_opt_solve_info: MIP emphasis: balance optimality and feasibility.
01/15/2024 09:44:07 AM INFO model - log_opt_solve_info: MIP search method: dynamic search.
01/15/2024 09:44:07 AM INFO model - log_opt_solve_info: Parallel mode: deterministic, using up to 8 threads.
01/15/2024 09:44:07 AM INFO model - log_opt_solve_info: Root relaxation solution time = 0.00 sec. (1.87 ticks)
01/15/2024 09:44:07 AM INFO model - log_opt_solve_info: 
01/15/2024 09:44:07 AM INFO model - log_opt_solve_info:         Nodes                                         Cuts/
01/15/2024 09:44:07 AM INFO model - log_opt_solve_info:    Node  Left     Objective  IInf  Best Integer    Best Bound    ItCnt     Gap
01/15/2024 09:44:07 AM INFO model - log_opt_solve_info: 
01/15/2024 09:44:07 AM INFO model - log_opt_solve_info: *     0+    0                      3007203.0000  -8.13231e+08              --- 
01/15/2024 09:44:07 AM INFO model - log_opt_solve_info: *     0+    0                        12521.4327  -8.13231e+08              --- 
01/15/2024 09:44:07 AM INFO model - log_opt_solve_info:       0     0     7410.0940     9    12521.4327     7410.0940       15   40.82%
01/15/2024 09:44:07 AM INFO model - log_opt_solve_info:       0     0     7440.2549    12    12521.4327       Cuts: 9       46   40.58%
01/15/2024 09:44:07 AM INFO model - log_opt_solve_info:       0     0     7449.8520    14    12521.4327       Cuts: 6       86   40.50%
01/15/2024 09:44:07 AM INFO model - log_opt_solve_info:       0     0     7488.9277    12    12521.4327       Cuts: 8      102   40.19%
01/15/2024 09:44:07 AM INFO model - log_opt_solve_info:       0     0     7503.4441    12    12521.4327       Cuts: 6      124   40.08%
01/15/2024 09:44:07 AM INFO model - log_opt_solve_info: *     0+    0                         7915.1626     7503.4441             5.20%
01/15/2024 09:44:07 AM INFO model - log_opt_solve_info:       0     0     7524.4174    14     7915.1626       Cuts: 6      164    4.94%
01/15/2024 09:44:07 AM INFO model - log_opt_solve_info:       0     0     7533.3689    14     7915.1626       Cuts: 8      189    4.82%
01/15/2024 09:44:07 AM INFO model - log_opt_solve_info:       0     0     7551.2376    14     7915.1626       Cuts: 7      209    4.60%
01/15/2024 09:44:07 AM INFO model - log_opt_solve_info:       0     0     7560.0177    14     7915.1626       Cuts: 6      227    4.49%
01/15/2024 09:44:07 AM INFO model - log_opt_solve_info:       0     0     7576.4501    16     7915.1626       Cuts: 7      256    4.28%
01/15/2024 09:44:07 AM INFO model - log_opt_solve_info:       0     0     7602.8000    16     7915.1626       Cuts: 6      306    3.95%
01/15/2024 09:44:07 AM INFO model - log_opt_solve_info: 
01/15/2024 09:44:07 AM INFO model - log_opt_solve_info: Repeating presolve.
01/15/2024 09:44:07 AM INFO model - log_opt_solve_info: Tried aggregator 1 time.
01/15/2024 09:44:07 AM INFO model - log_opt_solve_info: MIP Presolve eliminated 473 rows and 1194 columns.
01/15/2024 09:44:07 AM INFO model - log_opt_solve_info: MIP Presolve added 4 rows and 0 columns.
01/15/2024 09:44:07 AM INFO model - log_opt_solve_info: MIP Presolve modified 134 coefficients.
01/15/2024 09:44:07 AM INFO model - log_opt_solve_info: Reduced MIP has 240 rows, 656 columns, and 1544 nonzeros.
01/15/2024 09:44:07 AM INFO model - log_opt_solve_info: Reduced MIP has 171 binaries, 60 generals, 0 SOSs, and 0 indicators.
01/15/2024 09:44:07 AM INFO model - log_opt_solve_info: Presolve time = 0.00 sec. (2.14 ticks)
01/15/2024 09:44:07 AM INFO model - log_opt_solve_info: Probing time = 0.00 sec. (0.50 ticks)
01/15/2024 09:44:07 AM INFO model - log_opt_solve_info: Tried aggregator 1 time.
01/15/2024 09:44:07 AM INFO model - log_opt_solve_info: Detecting symmetries...
01/15/2024 09:44:07 AM INFO model - log_opt_solve_info: Reduced MIP has 240 rows, 656 columns, and 1544 nonzeros.
01/15/2024 09:44:07 AM INFO model - log_opt_solve_info: Reduced MIP has 171 binaries, 60 generals, 0 SOSs, and 0 indicators.
01/15/2024 09:44:07 AM INFO model - log_opt_solve_info: Presolve time = 0.00 sec. (1.32 ticks)
01/15/2024 09:44:07 AM INFO model - log_opt_solve_info: Represolve time = 0.02 sec. (5.60 ticks)
01/15/2024 09:44:07 AM INFO model - log_opt_solve_info: Probing time = 0.00 sec. (0.50 ticks)
01/15/2024 09:44:07 AM INFO model - log_opt_solve_info: Clique table members: 55.
01/15/2024 09:44:07 AM INFO model - log_opt_solve_info: MIP emphasis: balance optimality and feasibility.
01/15/2024 09:44:07 AM INFO model - log_opt_solve_info: MIP search method: dynamic search.
01/15/2024 09:44:07 AM INFO model - log_opt_solve_info: Parallel mode: deterministic, using up to 8 threads.
01/15/2024 09:44:07 AM INFO model - log_opt_solve_info: Root relaxation solution time = 0.00 sec. (3.50 ticks)
01/15/2024 09:44:07 AM INFO model - log_opt_solve_info: 
01/15/2024 09:44:07 AM INFO model - log_opt_solve_info:         Nodes                                         Cuts/
01/15/2024 09:44:07 AM INFO model - log_opt_solve_info:    Node  Left     Objective  IInf  Best Integer    Best Bound    ItCnt     Gap
01/15/2024 09:44:07 AM INFO model - log_opt_solve_info: 
01/15/2024 09:44:07 AM INFO model - log_opt_solve_info: *     0+    0                         7915.1626     7620.0168             3.73%
01/15/2024 09:44:07 AM INFO model - log_opt_solve_info:       0     0     7633.2027    16     7915.1626     7633.2027      535    3.56%
01/15/2024 09:44:07 AM INFO model - log_opt_solve_info:       0     0     7723.0133    13     7915.1626      Cuts: 11      558    2.43%
01/15/2024 09:44:07 AM INFO model - log_opt_solve_info:       0     0     7748.9289    14     7915.1626      Cuts: 10      578    2.10%
01/15/2024 09:44:07 AM INFO model - log_opt_solve_info:       0     0        cutoff           7915.1626     7915.1626      578    0.00%
01/15/2024 09:44:07 AM INFO model - log_opt_solve_info: Elapsed time = 0.23 sec. (133.56 ticks, tree = 0.01 MB, solutions = 3)
01/15/2024 09:44:07 AM INFO model - log_opt_solve_info: 
01/15/2024 09:44:07 AM INFO model - log_opt_solve_info: Implied bound cuts applied:  34
01/15/2024 09:44:07 AM INFO model - log_opt_solve_info: Mixed integer rounding cuts applied:  18
01/15/2024 09:44:07 AM INFO model - log_opt_solve_info: Lift and project cuts applied:  2
01/15/2024 09:44:07 AM INFO model - log_opt_solve_info: Gomory fractional cuts applied:  3
01/15/2024 09:44:07 AM INFO model - log_opt_solve_info: 
01/15/2024 09:44:07 AM INFO model - log_opt_solve_info: Root node processing (before b&c):
01/15/2024 09:44:07 AM INFO model - log_opt_solve_info:   Real time             =    0.23 sec. (133.65 ticks)
01/15/2024 09:44:07 AM INFO model - log_opt_solve_info: Parallel b&c, 8 threads:
01/15/2024 09:44:07 AM INFO model - log_opt_solve_info:   Real time             =    0.00 sec. (0.00 ticks)
01/15/2024 09:44:07 AM INFO model - log_opt_solve_info:   Sync time (average)   =    0.00 sec.
01/15/2024 09:44:07 AM INFO model - log_opt_solve_info:   Wait time (average)   =    0.00 sec.
01/15/2024 09:44:07 AM INFO model - log_opt_solve_info:                           ------------
01/15/2024 09:44:07 AM INFO model - log_opt_solve_info: Total (root+branch&cut) =    0.23 sec. (133.65 ticks)
01/15/2024 09:44:07 AM INFO model - solve_cost_obj: finished minimize_cost_obj: 7915.162555
01/15/2024 09:44:07 AM INFO processor - generate_supply_city_out_dict: generated supply city out dict: 2
01/15/2024 09:44:07 AM INFO processor - generate_demand_city_out_dict: generated demand city out dict: 5
01/15/2024 09:44:07 AM INFO launch_ci - <module>: success
01/15/2024 09:44:07 AM INFO launch_ci - <module>: Total running time: 0.5916125774383545
